<?xml version="1.0" encoding="UTF-8"?>
<testsuite name="RomanNumeralConverterTest" tests="13" skipped="0" failures="0" errors="0" timestamp="2022-02-23T14:25:16" hostname="Justins-MacBook-Air.local" time="0.016">
  <properties/>
  <testcase name="convertTripleDigits()" classname="RomanNumeralConverterTest" time="0.007"/>
  <testcase name="convertSixThroughEight()" classname="RomanNumeralConverterTest" time="0.0"/>
  <testcase name="convertDoubleDigits()" classname="RomanNumeralConverterTest" time="0.001"/>
  <testcase name="convertFive()" classname="RomanNumeralConverterTest" time="0.0"/>
  <testcase name="convertOneThousand()" classname="RomanNumeralConverterTest" time="0.001"/>
  <testcase name="convertOneThroughThree()" classname="RomanNumeralConverterTest" time="0.0"/>
  <testcase name="convertFourAndNine()" classname="RomanNumeralConverterTest" time="0.0"/>
  <testcase name="convertFiveHundred()" classname="RomanNumeralConverterTest" time="0.001"/>
  <testcase name="convertSingleDigit()" classname="RomanNumeralConverterTest" time="0.001"/>
  <testcase name="convertFifty()" classname="RomanNumeralConverterTest" time="0.0"/>
  <testcase name="convertFourDigits()" classname="RomanNumeralConverterTest" time="0.001"/>
  <testcase name="convertOneHundred()" classname="RomanNumeralConverterTest" time="0.0"/>
  <testcase name="convertTen()" classname="RomanNumeralConverterTest" time="0.001"/>
  <system-out><![CDATA[]]></system-out>
  <system-err><![CDATA[]]></system-err>
</testsuite>
